<?xml version="1.0" encoding="UTF-8"?>
<testsuite name="com.mingdyuo.book.springboot.web.HelloControllerTest" tests="2" skipped="0" failures="0" errors="0" timestamp="2021-01-17T14:13:01" hostname="ThisComputerIsNowMine" time="0.537">
  <properties/>
  <testcase name="hello가_리턴된다" classname="com.mingdyuo.book.springboot.web.HelloControllerTest" time="0.463"/>
  <testcase name="helloDto가_리턴된다" classname="com.mingdyuo.book.springboot.web.HelloControllerTest" time="0.073"/>
  <system-out><![CDATA[23:12:58.509 [Test worker] DEBUG org.springframework.test.context.junit4.SpringJUnit4ClassRunner - SpringJUnit4ClassRunner constructor called with [class com.mingdyuo.book.springboot.web.HelloControllerTest]
23:12:58.519 [Test worker] DEBUG org.springframework.test.context.BootstrapUtils - Instantiating CacheAwareContextLoaderDelegate from class [org.springframework.test.context.cache.DefaultCacheAwareContextLoaderDelegate]
23:12:58.529 [Test worker] DEBUG org.springframework.test.context.BootstrapUtils - Instantiating BootstrapContext using constructor [public org.springframework.test.context.support.DefaultBootstrapContext(java.lang.Class,org.springframework.test.context.CacheAwareContextLoaderDelegate)]
23:12:58.547 [Test worker] DEBUG org.springframework.test.context.BootstrapUtils - Instantiating TestContextBootstrapper for test class [com.mingdyuo.book.springboot.web.HelloControllerTest] from class [org.springframework.boot.test.autoconfigure.web.servlet.WebMvcTestContextBootstrapper]
23:12:58.569 [Test worker] INFO org.springframework.boot.test.autoconfigure.web.servlet.WebMvcTestContextBootstrapper - Neither @ContextConfiguration nor @ContextHierarchy found for test class [com.mingdyuo.book.springboot.web.HelloControllerTest], using SpringBootContextLoader
23:12:58.573 [Test worker] DEBUG org.springframework.test.context.support.AbstractContextLoader - Did not detect default resource location for test class [com.mingdyuo.book.springboot.web.HelloControllerTest]: class path resource [com/mingdyuo/book/springboot/web/HelloControllerTest-context.xml] does not exist
23:12:58.574 [Test worker] DEBUG org.springframework.test.context.support.AbstractContextLoader - Did not detect default resource location for test class [com.mingdyuo.book.springboot.web.HelloControllerTest]: class path resource [com/mingdyuo/book/springboot/web/HelloControllerTestContext.groovy] does not exist
23:12:58.574 [Test worker] INFO org.springframework.test.context.support.AbstractContextLoader - Could not detect default resource locations for test class [com.mingdyuo.book.springboot.web.HelloControllerTest]: no resource found for suffixes {-context.xml, Context.groovy}.
23:12:58.576 [Test worker] INFO org.springframework.test.context.support.AnnotationConfigContextLoaderUtils - Could not detect default configuration classes for test class [com.mingdyuo.book.springboot.web.HelloControllerTest]: HelloControllerTest does not declare any static, non-private, non-final, nested classes annotated with @Configuration.
23:12:58.652 [Test worker] DEBUG org.springframework.test.context.support.ActiveProfilesUtils - Could not find an 'annotation declaring class' for annotation type [org.springframework.test.context.ActiveProfiles] and class [com.mingdyuo.book.springboot.web.HelloControllerTest]
23:12:58.744 [Test worker] DEBUG org.springframework.context.annotation.ClassPathScanningCandidateComponentProvider - Identified candidate component class: file [C:\Users\pc\IdeaProjects\springboot2-webservice\build\classes\java\main\com\mingdyuo\book\springboot\Application.class]
23:12:58.746 [Test worker] INFO org.springframework.boot.test.context.SpringBootTestContextBootstrapper - Found @SpringBootConfiguration com.mingdyuo.book.springboot.Application for test class com.mingdyuo.book.springboot.web.HelloControllerTest
23:12:58.749 [Test worker] DEBUG org.springframework.boot.test.autoconfigure.web.servlet.WebMvcTestContextBootstrapper - @TestExecutionListeners is not present for class [com.mingdyuo.book.springboot.web.HelloControllerTest]: using defaults.
23:12:58.750 [Test worker] INFO org.springframework.boot.test.autoconfigure.web.servlet.WebMvcTestContextBootstrapper - Loaded default TestExecutionListener class names from location [META-INF/spring.factories]: [org.springframework.security.test.context.support.WithSecurityContextTestExecutionListener, org.springframework.security.test.context.support.ReactorContextTestExecutionListener, org.springframework.boot.test.autoconfigure.restdocs.RestDocsTestExecutionListener, org.springframework.boot.test.autoconfigure.web.client.MockRestServiceServerResetTestExecutionListener, org.springframework.boot.test.autoconfigure.web.servlet.MockMvcPrintOnlyOnFailureTestExecutionListener, org.springframework.boot.test.autoconfigure.web.servlet.WebDriverTestExecutionListener, org.springframework.boot.test.mock.mockito.MockitoTestExecutionListener, org.springframework.boot.test.mock.mockito.ResetMocksTestExecutionListener, org.springframework.test.context.web.ServletTestExecutionListener, org.springframework.test.context.support.DirtiesContextBeforeModesTestExecutionListener, org.springframework.test.context.support.DependencyInjectionTestExecutionListener, org.springframework.test.context.support.DirtiesContextTestExecutionListener, org.springframework.test.context.transaction.TransactionalTestExecutionListener, org.springframework.test.context.jdbc.SqlScriptsTestExecutionListener]
23:12:58.777 [Test worker] INFO org.springframework.boot.test.autoconfigure.web.servlet.WebMvcTestContextBootstrapper - Using TestExecutionListeners: [org.springframework.test.context.web.ServletTestExecutionListener@4422841, org.springframework.test.context.support.DirtiesContextBeforeModesTestExecutionListener@1930e0c8, org.springframework.boot.test.mock.mockito.MockitoTestExecutionListener@210517ab, org.springframework.boot.test.autoconfigure.SpringBootDependencyInjectionTestExecutionListener@62a61f35, org.springframework.test.context.support.DirtiesContextTestExecutionListener@77333300, org.springframework.test.context.transaction.TransactionalTestExecutionListener@691bbb8e, org.springframework.test.context.jdbc.SqlScriptsTestExecutionListener@60aa5149, org.springframework.security.test.context.support.WithSecurityContextTestExecutionListener@32a7a5de, org.springframework.security.test.context.support.ReactorContextTestExecutionListener@5c622bb9, org.springframework.boot.test.autoconfigure.restdocs.RestDocsTestExecutionListener@68913c70, org.springframework.boot.test.autoconfigure.web.client.MockRestServiceServerResetTestExecutionListener@5a031832, org.springframework.boot.test.autoconfigure.web.servlet.MockMvcPrintOnlyOnFailureTestExecutionListener@5505cff9, org.springframework.boot.test.autoconfigure.web.servlet.WebDriverTestExecutionListener@18f70903, org.springframework.boot.test.mock.mockito.ResetMocksTestExecutionListener@79e4c4d1]
23:12:58.781 [Test worker] DEBUG org.springframework.test.annotation.ProfileValueUtils - Retrieved @ProfileValueSourceConfiguration [null] for test class [com.mingdyuo.book.springboot.web.HelloControllerTest]
23:12:58.782 [Test worker] DEBUG org.springframework.test.annotation.ProfileValueUtils - Retrieved ProfileValueSource type [class org.springframework.test.annotation.SystemProfileValueSource] for class [com.mingdyuo.book.springboot.web.HelloControllerTest]
23:12:58.784 [Test worker] DEBUG org.springframework.test.annotation.ProfileValueUtils - Retrieved @ProfileValueSourceConfiguration [null] for test class [com.mingdyuo.book.springboot.web.HelloControllerTest]
23:12:58.784 [Test worker] DEBUG org.springframework.test.annotation.ProfileValueUtils - Retrieved ProfileValueSource type [class org.springframework.test.annotation.SystemProfileValueSource] for class [com.mingdyuo.book.springboot.web.HelloControllerTest]
23:12:58.791 [Test worker] DEBUG org.springframework.test.context.support.AbstractDirtiesContextTestExecutionListener - Before test class: context [DefaultTestContext@62b77333 testClass = HelloControllerTest, testInstance = [null], testMethod = [null], testException = [null], mergedContextConfiguration = [WebMergedContextConfiguration@28c209f5 testClass = HelloControllerTest, locations = '{}', classes = '{class com.mingdyuo.book.springboot.Application}', contextInitializerClasses = '[]', activeProfiles = '{}', propertySourceLocations = '{}', propertySourceProperties = '{org.springframework.boot.test.autoconfigure.web.servlet.WebMvcTestContextBootstrapper=true}', contextCustomizers = set[org.springframework.boot.test.autoconfigure.OverrideAutoConfigurationContextCustomizerFactory$DisableAutoConfigurationContextCustomizer@782f7c30, org.springframework.boot.test.autoconfigure.filter.TypeExcludeFiltersContextCustomizer@54f8edeb, org.springframework.boot.test.autoconfigure.properties.PropertyMappingContextCustomizer@9ff79b41, org.springframework.boot.test.autoconfigure.web.servlet.WebDriverContextCustomizerFactory$Customizer@f09edbc, [ImportsContextCustomizer@59c91f64 key = [org.springframework.boot.autoconfigure.cache.CacheAutoConfiguration, org.springframework.boot.autoconfigure.context.MessageSourceAutoConfiguration, org.springframework.boot.autoconfigure.data.web.SpringDataWebAutoConfiguration, org.springframework.boot.autoconfigure.freemarker.FreeMarkerAutoConfiguration, org.springframework.boot.autoconfigure.groovy.template.GroovyTemplateAutoConfiguration, org.springframework.boot.autoconfigure.gson.GsonAutoConfiguration, org.springframework.boot.autoconfigure.hateoas.HypermediaAutoConfiguration, org.springframework.boot.autoconfigure.http.HttpMessageConvertersAutoConfiguration, org.springframework.boot.autoconfigure.jackson.JacksonAutoConfiguration, org.springframework.boot.autoconfigure.jsonb.JsonbAutoConfiguration, org.springframework.boot.autoconfigure.mustache.MustacheAutoConfiguration, org.springframework.boot.autoconfigure.task.TaskExecutionAutoConfiguration, org.springframework.boot.autoconfigure.thymeleaf.ThymeleafAutoConfiguration, org.springframework.boot.autoconfigure.validation.ValidationAutoConfiguration, org.springframework.boot.autoconfigure.web.servlet.error.ErrorMvcAutoConfiguration, org.springframework.boot.autoconfigure.web.servlet.WebMvcAutoConfiguration, org.springframework.boot.test.autoconfigure.web.servlet.MockMvcAutoConfiguration, org.springframework.boot.test.autoconfigure.web.servlet.MockMvcSecurityAutoConfiguration, org.springframework.boot.test.autoconfigure.web.servlet.MockMvcWebClientAutoConfiguration, org.springframework.boot.test.autoconfigure.web.servlet.MockMvcWebDriverAutoConfiguration]], org.springframework.boot.test.context.filter.ExcludeFilterContextCustomizer@349712cb, org.springframework.boot.test.json.DuplicateJsonObjectContextCustomizerFactory$DuplicateJsonObjectContextCustomizer@619dca37, org.springframework.boot.test.mock.mockito.MockitoContextCustomizer@0], resourceBasePath = 'src/main/webapp', contextLoader = 'org.springframework.boot.test.context.SpringBootContextLoader', parent = [null]], attributes = map[[empty]]], class annotated with @DirtiesContext [false] with mode [null].
23:12:58.792 [Test worker] DEBUG org.springframework.test.annotation.ProfileValueUtils - Retrieved @ProfileValueSourceConfiguration [null] for test class [com.mingdyuo.book.springboot.web.HelloControllerTest]
23:12:58.793 [Test worker] DEBUG org.springframework.test.annotation.ProfileValueUtils - Retrieved ProfileValueSource type [class org.springframework.test.annotation.SystemProfileValueSource] for class [com.mingdyuo.book.springboot.web.HelloControllerTest]
23:12:58.801 [Test worker] DEBUG org.springframework.test.context.support.DependencyInjectionTestExecutionListener - Performing dependency injection for test context [[DefaultTestContext@62b77333 testClass = HelloControllerTest, testInstance = com.mingdyuo.book.springboot.web.HelloControllerTest@3681cf40, testMethod = [null], testException = [null], mergedContextConfiguration = [WebMergedContextConfiguration@28c209f5 testClass = HelloControllerTest, locations = '{}', classes = '{class com.mingdyuo.book.springboot.Application}', contextInitializerClasses = '[]', activeProfiles = '{}', propertySourceLocations = '{}', propertySourceProperties = '{org.springframework.boot.test.autoconfigure.web.servlet.WebMvcTestContextBootstrapper=true}', contextCustomizers = set[org.springframework.boot.test.autoconfigure.OverrideAutoConfigurationContextCustomizerFactory$DisableAutoConfigurationContextCustomizer@782f7c30, org.springframework.boot.test.autoconfigure.filter.TypeExcludeFiltersContextCustomizer@54f8edeb, org.springframework.boot.test.autoconfigure.properties.PropertyMappingContextCustomizer@9ff79b41, org.springframework.boot.test.autoconfigure.web.servlet.WebDriverContextCustomizerFactory$Customizer@f09edbc, [ImportsContextCustomizer@59c91f64 key = [org.springframework.boot.autoconfigure.cache.CacheAutoConfiguration, org.springframework.boot.autoconfigure.context.MessageSourceAutoConfiguration, org.springframework.boot.autoconfigure.data.web.SpringDataWebAutoConfiguration, org.springframework.boot.autoconfigure.freemarker.FreeMarkerAutoConfiguration, org.springframework.boot.autoconfigure.groovy.template.GroovyTemplateAutoConfiguration, org.springframework.boot.autoconfigure.gson.GsonAutoConfiguration, org.springframework.boot.autoconfigure.hateoas.HypermediaAutoConfiguration, org.springframework.boot.autoconfigure.http.HttpMessageConvertersAutoConfiguration, org.springframework.boot.autoconfigure.jackson.JacksonAutoConfiguration, org.springframework.boot.autoconfigure.jsonb.JsonbAutoConfiguration, org.springframework.boot.autoconfigure.mustache.MustacheAutoConfiguration, org.springframework.boot.autoconfigure.task.TaskExecutionAutoConfiguration, org.springframework.boot.autoconfigure.thymeleaf.ThymeleafAutoConfiguration, org.springframework.boot.autoconfigure.validation.ValidationAutoConfiguration, org.springframework.boot.autoconfigure.web.servlet.error.ErrorMvcAutoConfiguration, org.springframework.boot.autoconfigure.web.servlet.WebMvcAutoConfiguration, org.springframework.boot.test.autoconfigure.web.servlet.MockMvcAutoConfiguration, org.springframework.boot.test.autoconfigure.web.servlet.MockMvcSecurityAutoConfiguration, org.springframework.boot.test.autoconfigure.web.servlet.MockMvcWebClientAutoConfiguration, org.springframework.boot.test.autoconfigure.web.servlet.MockMvcWebDriverAutoConfiguration]], org.springframework.boot.test.context.filter.ExcludeFilterContextCustomizer@349712cb, org.springframework.boot.test.json.DuplicateJsonObjectContextCustomizerFactory$DuplicateJsonObjectContextCustomizer@619dca37, org.springframework.boot.test.mock.mockito.MockitoContextCustomizer@0], resourceBasePath = 'src/main/webapp', contextLoader = 'org.springframework.boot.test.context.SpringBootContextLoader', parent = [null]], attributes = map[[empty]]]].
23:12:58.924 [Test worker] DEBUG org.springframework.test.context.support.TestPropertySourceUtils - Adding inlined properties to environment: {spring.jmx.enabled=false, org.springframework.boot.test.autoconfigure.web.servlet.WebMvcTestContextBootstrapper=true, server.port=-1}

  .   ____          _            __ _ _
 /\\ / ___'_ __ _ _(_)_ __  __ _ \ \ \ \
( ( )\___ | '_ | '_| | '_ \/ _` | \ \ \ \
 \\/  ___)| |_)| | | | | || (_| |  ) ) ) )
  '  |____| .__|_| |_|_| |_\__, | / / / /
 =========|_|==============|___/=/_/_/_/
 :: Spring Boot ::        (v2.1.9.RELEASE)

2021-01-17 23:12:59.260  INFO 22740 --- [    Test worker] c.m.b.s.web.HelloControllerTest          : Starting HelloControllerTest on ThisComputerIsNowMine with PID 22740 (started by pc in C:\Users\pc\IdeaProjects\springboot2-webservice)
2021-01-17 23:12:59.262  INFO 22740 --- [    Test worker] c.m.b.s.web.HelloControllerTest          : No active profile set, falling back to default profiles: default
2021-01-17 23:13:00.938  INFO 22740 --- [    Test worker] o.s.s.concurrent.ThreadPoolTaskExecutor  : Initializing ExecutorService 'applicationTaskExecutor'
2021-01-17 23:13:01.050  INFO 22740 --- [    Test worker] o.s.b.a.w.s.WelcomePageHandlerMapping    : Adding welcome page template: index
2021-01-17 23:13:01.424  INFO 22740 --- [    Test worker] .s.s.UserDetailsServiceAutoConfiguration : 

Using generated security password: ef5be297-e437-4911-93d6-90a1e2b77387

2021-01-17 23:13:01.679  INFO 22740 --- [    Test worker] o.s.s.web.DefaultSecurityFilterChain     : Creating filter chain: any request, [org.springframework.security.web.context.request.async.WebAsyncManagerIntegrationFilter@19490973, org.springframework.security.web.context.SecurityContextPersistenceFilter@38f0cb55, org.springframework.security.web.header.HeaderWriterFilter@7da77e0a, org.springframework.security.web.csrf.CsrfFilter@6827fd43, org.springframework.security.web.authentication.logout.LogoutFilter@6de9caa6, org.springframework.security.web.authentication.UsernamePasswordAuthenticationFilter@6eafc18d, org.springframework.security.web.authentication.ui.DefaultLoginPageGeneratingFilter@5bd0439e, org.springframework.security.web.authentication.ui.DefaultLogoutPageGeneratingFilter@7ef6e23e, org.springframework.security.web.authentication.www.BasicAuthenticationFilter@69d960d7, org.springframework.security.web.savedrequest.RequestCacheAwareFilter@64b4fefc, org.springframework.security.web.servletapi.SecurityContextHolderAwareRequestFilter@65b47dbe, org.springframework.security.web.authentication.AnonymousAuthenticationFilter@53f542d1, org.springframework.security.web.session.SessionManagementFilter@5155de0e, org.springframework.security.web.access.ExceptionTranslationFilter@5c20aee9, org.springframework.security.web.access.intercept.FilterSecurityInterceptor@799b5bb6]
2021-01-17 23:13:01.740  INFO 22740 --- [    Test worker] o.s.b.t.m.w.SpringBootMockServletContext : Initializing Spring TestDispatcherServlet ''
2021-01-17 23:13:01.740  INFO 22740 --- [    Test worker] o.s.t.web.servlet.TestDispatcherServlet  : Initializing Servlet ''
2021-01-17 23:13:01.759  INFO 22740 --- [    Test worker] o.s.t.web.servlet.TestDispatcherServlet  : Completed initialization in 19 ms
2021-01-17 23:13:01.820  INFO 22740 --- [    Test worker] c.m.b.s.web.HelloControllerTest          : Started HelloControllerTest in 2.884 seconds (JVM running for 4.165)
]]></system-out>
  <system-err><![CDATA[]]></system-err>
</testsuite>
