<?xml version="1.0" encoding="UTF-8"?>
<testsuite name="com.mingdyuo.book.springboot.web.IndexControllerTest" tests="1" skipped="0" failures="0" errors="0" timestamp="2021-01-17T14:13:10" hostname="ThisComputerIsNowMine" time="0.173">
  <properties/>
  <testcase name="메인페이지_로딩" classname="com.mingdyuo.book.springboot.web.IndexControllerTest" time="0.173"/>
  <system-out><![CDATA[2021-01-17 23:13:07.526  INFO 22740 --- [    Test worker] .b.t.c.SpringBootTestContextBootstrapper : Neither @ContextConfiguration nor @ContextHierarchy found for test class [com.mingdyuo.book.springboot.web.IndexControllerTest], using SpringBootContextLoader
2021-01-17 23:13:07.528  INFO 22740 --- [    Test worker] o.s.t.c.support.AbstractContextLoader    : Could not detect default resource locations for test class [com.mingdyuo.book.springboot.web.IndexControllerTest]: no resource found for suffixes {-context.xml, Context.groovy}.
2021-01-17 23:13:07.528  INFO 22740 --- [    Test worker] t.c.s.AnnotationConfigContextLoaderUtils : Could not detect default configuration classes for test class [com.mingdyuo.book.springboot.web.IndexControllerTest]: IndexControllerTest does not declare any static, non-private, non-final, nested classes annotated with @Configuration.
2021-01-17 23:13:07.530  INFO 22740 --- [    Test worker] .b.t.c.SpringBootTestContextBootstrapper : Found @SpringBootConfiguration com.mingdyuo.book.springboot.Application for test class com.mingdyuo.book.springboot.web.IndexControllerTest
2021-01-17 23:13:07.531  INFO 22740 --- [    Test worker] .b.t.c.SpringBootTestContextBootstrapper : Loaded default TestExecutionListener class names from location [META-INF/spring.factories]: [org.springframework.security.test.context.support.WithSecurityContextTestExecutionListener, org.springframework.security.test.context.support.ReactorContextTestExecutionListener, org.springframework.boot.test.autoconfigure.restdocs.RestDocsTestExecutionListener, org.springframework.boot.test.autoconfigure.web.client.MockRestServiceServerResetTestExecutionListener, org.springframework.boot.test.autoconfigure.web.servlet.MockMvcPrintOnlyOnFailureTestExecutionListener, org.springframework.boot.test.autoconfigure.web.servlet.WebDriverTestExecutionListener, org.springframework.boot.test.mock.mockito.MockitoTestExecutionListener, org.springframework.boot.test.mock.mockito.ResetMocksTestExecutionListener, org.springframework.test.context.web.ServletTestExecutionListener, org.springframework.test.context.support.DirtiesContextBeforeModesTestExecutionListener, org.springframework.test.context.support.DependencyInjectionTestExecutionListener, org.springframework.test.context.support.DirtiesContextTestExecutionListener, org.springframework.test.context.transaction.TransactionalTestExecutionListener, org.springframework.test.context.jdbc.SqlScriptsTestExecutionListener]
2021-01-17 23:13:07.532  INFO 22740 --- [    Test worker] .b.t.c.SpringBootTestContextBootstrapper : Using TestExecutionListeners: [org.springframework.test.context.web.ServletTestExecutionListener@5666a5d6, org.springframework.test.context.support.DirtiesContextBeforeModesTestExecutionListener@6dbc86c9, org.springframework.boot.test.mock.mockito.MockitoTestExecutionListener@26887633, org.springframework.boot.test.autoconfigure.SpringBootDependencyInjectionTestExecutionListener@312a4f2f, org.springframework.test.context.support.DirtiesContextTestExecutionListener@528104c9, org.springframework.test.context.transaction.TransactionalTestExecutionListener@5b824a9e, org.springframework.test.context.jdbc.SqlScriptsTestExecutionListener@3e5e8633, org.springframework.security.test.context.support.WithSecurityContextTestExecutionListener@5deee5e0, org.springframework.security.test.context.support.ReactorContextTestExecutionListener@71315d8, org.springframework.boot.test.autoconfigure.restdocs.RestDocsTestExecutionListener@4e0c691e, org.springframework.boot.test.autoconfigure.web.client.MockRestServiceServerResetTestExecutionListener@4a911f2, org.springframework.boot.test.autoconfigure.web.servlet.MockMvcPrintOnlyOnFailureTestExecutionListener@2ec22562, org.springframework.boot.test.autoconfigure.web.servlet.WebDriverTestExecutionListener@316048b7, org.springframework.boot.test.mock.mockito.ResetMocksTestExecutionListener@1c09931c]

  .   ____          _            __ _ _
 /\\ / ___'_ __ _ _(_)_ __  __ _ \ \ \ \
( ( )\___ | '_ | '_| | '_ \/ _` | \ \ \ \
 \\/  ___)| |_)| | | | | || (_| |  ) ) ) )
  '  |____| .__|_| |_|_| |_\__, | / / / /
 =========|_|==============|___/=/_/_/_/
 :: Spring Boot ::        (v2.1.9.RELEASE)

2021-01-17 23:13:07.563  INFO 22740 --- [    Test worker] c.m.b.s.web.IndexControllerTest          : Starting IndexControllerTest on ThisComputerIsNowMine with PID 22740 (started by pc in C:\Users\pc\IdeaProjects\springboot2-webservice)
2021-01-17 23:13:07.564  INFO 22740 --- [    Test worker] c.m.b.s.web.IndexControllerTest          : No active profile set, falling back to default profiles: default
2021-01-17 23:13:07.850  INFO 22740 --- [    Test worker] .s.d.r.c.RepositoryConfigurationDelegate : Bootstrapping Spring Data repositories in DEFAULT mode.
2021-01-17 23:13:07.883  INFO 22740 --- [    Test worker] .s.d.r.c.RepositoryConfigurationDelegate : Finished Spring Data repository scanning in 32ms. Found 2 repository interfaces.
2021-01-17 23:13:08.016  INFO 22740 --- [    Test worker] trationDelegate$BeanPostProcessorChecker : Bean 'org.springframework.transaction.annotation.ProxyTransactionManagementConfiguration' of type [org.springframework.transaction.annotation.ProxyTransactionManagementConfiguration$$EnhancerBySpringCGLIB$$74ac4350] is not eligible for getting processed by all BeanPostProcessors (for example: not eligible for auto-proxying)
2021-01-17 23:13:08.355  INFO 22740 --- [    Test worker] o.s.b.w.embedded.tomcat.TomcatWebServer  : Tomcat initialized with port(s): 0 (http)
2021-01-17 23:13:08.400  INFO 22740 --- [    Test worker] o.apache.catalina.core.StandardService   : Starting service [Tomcat]
2021-01-17 23:13:08.400  INFO 22740 --- [    Test worker] org.apache.catalina.core.StandardEngine  : Starting Servlet engine: [Apache Tomcat/9.0.26]
2021-01-17 23:13:08.636  INFO 22740 --- [    Test worker] o.a.c.c.C.[Tomcat].[localhost].[/]       : Initializing Spring embedded WebApplicationContext
2021-01-17 23:13:08.636  INFO 22740 --- [    Test worker] o.s.web.context.ContextLoader            : Root WebApplicationContext: initialization completed in 1070 ms
2021-01-17 23:13:08.903  INFO 22740 --- [    Test worker] com.zaxxer.hikari.HikariDataSource       : HikariPool-2 - Starting...
2021-01-17 23:13:08.904  INFO 22740 --- [    Test worker] com.zaxxer.hikari.HikariDataSource       : HikariPool-2 - Start completed.
2021-01-17 23:13:08.956  INFO 22740 --- [    Test worker] o.hibernate.jpa.internal.util.LogHelper  : HHH000204: Processing PersistenceUnitInfo [
	name: default
	...]
2021-01-17 23:13:08.969  INFO 22740 --- [    Test worker] org.hibernate.dialect.Dialect            : HHH000400: Using dialect: org.hibernate.dialect.MySQL5InnoDBDialect
Hibernate: drop table if exists posts
Hibernate: drop table if exists user
Hibernate: create table posts (id bigint not null auto_increment, created_date datetime, modified_date datetime, author varchar(255), content TEXT not null, title varchar(500) not null, primary key (id)) engine=InnoDB
Hibernate: create table user (id bigint not null auto_increment, created_date datetime, modified_date datetime, email varchar(255) not null, name varchar(255) not null, picture varchar(255), role varchar(255) not null, primary key (id)) engine=InnoDB
2021-01-17 23:13:09.030  INFO 22740 --- [    Test worker] o.h.t.schema.internal.SchemaCreatorImpl  : HHH000476: Executing import script 'org.hibernate.tool.schema.internal.exec.ScriptSourceInputNonExistentImpl@474b9294'
2021-01-17 23:13:09.031  INFO 22740 --- [    Test worker] j.LocalContainerEntityManagerFactoryBean : Initialized JPA EntityManagerFactory for persistence unit 'default'
2021-01-17 23:13:09.426  INFO 22740 --- [    Test worker] o.h.h.i.QueryTranslatorFactoryInitiator  : HHH000397: Using ASTQueryTranslatorFactory
2021-01-17 23:13:09.560  INFO 22740 --- [    Test worker] o.s.s.web.DefaultSecurityFilterChain     : Creating filter chain: any request, [org.springframework.security.web.context.request.async.WebAsyncManagerIntegrationFilter@3e176d03, org.springframework.security.web.context.SecurityContextPersistenceFilter@628c836c, org.springframework.security.web.header.HeaderWriterFilter@22dc710b, org.springframework.security.web.authentication.logout.LogoutFilter@59576b7e, org.springframework.security.oauth2.client.web.OAuth2AuthorizationRequestRedirectFilter@7fa5476e, org.springframework.security.oauth2.client.web.OAuth2LoginAuthenticationFilter@6f2a5de7, org.springframework.security.web.authentication.ui.DefaultLoginPageGeneratingFilter@5f460419, org.springframework.security.web.authentication.ui.DefaultLogoutPageGeneratingFilter@852232f, org.springframework.security.web.savedrequest.RequestCacheAwareFilter@1982dab3, org.springframework.security.web.servletapi.SecurityContextHolderAwareRequestFilter@5897b4a1, org.springframework.security.web.authentication.AnonymousAuthenticationFilter@5d199b7c, org.springframework.security.web.session.SessionManagementFilter@41f8c5d7, org.springframework.security.web.access.ExceptionTranslationFilter@7d70c0be, org.springframework.security.web.access.intercept.FilterSecurityInterceptor@3e211a54]
2021-01-17 23:13:09.725  INFO 22740 --- [    Test worker] o.s.s.concurrent.ThreadPoolTaskExecutor  : Initializing ExecutorService 'applicationTaskExecutor'
2021-01-17 23:13:09.738  WARN 22740 --- [    Test worker] aWebConfiguration$JpaWebMvcConfiguration : spring.jpa.open-in-view is enabled by default. Therefore, database queries may be performed during view rendering. Explicitly configure spring.jpa.open-in-view to disable this warning
2021-01-17 23:13:09.763  INFO 22740 --- [    Test worker] o.s.b.a.w.s.WelcomePageHandlerMapping    : Adding welcome page template: index
2021-01-17 23:13:10.049  INFO 22740 --- [    Test worker] s.a.ScheduledAnnotationBeanPostProcessor : No TaskScheduler/ScheduledExecutorService bean found for scheduled processing
2021-01-17 23:13:10.072  INFO 22740 --- [    Test worker] o.s.b.w.embedded.tomcat.TomcatWebServer  : Tomcat started on port(s): 8504 (http) with context path ''
2021-01-17 23:13:10.073  INFO 22740 --- [    Test worker] c.m.b.s.web.IndexControllerTest          : Started IndexControllerTest in 2.54 seconds (JVM running for 12.418)
2021-01-17 23:13:10.167  INFO 22740 --- [o-auto-1-exec-1] o.a.c.c.C.[Tomcat].[localhost].[/]       : Initializing Spring DispatcherServlet 'dispatcherServlet'
2021-01-17 23:13:10.167  INFO 22740 --- [o-auto-1-exec-1] o.s.web.servlet.DispatcherServlet        : Initializing Servlet 'dispatcherServlet'
2021-01-17 23:13:10.183  INFO 22740 --- [o-auto-1-exec-1] o.s.web.servlet.DispatcherServlet        : Completed initialization in 16 ms
Hibernate: select posts0_.id as id1_0_, posts0_.created_date as created_2_0_, posts0_.modified_date as modified3_0_, posts0_.author as author4_0_, posts0_.content as content5_0_, posts0_.title as title6_0_ from posts posts0_ order by posts0_.id DESC
]]></system-out>
  <system-err><![CDATA[]]></system-err>
</testsuite>
