<?xml version="1.0" encoding="UTF-8"?>
<testsuite name="com.mingdyuo.book.springboot.web.PostsApiControllerTest" tests="2" skipped="0" failures="0" errors="0" timestamp="2021-01-17T14:13:10" hostname="ThisComputerIsNowMine" time="0.092">
  <properties/>
  <testcase name="Posts_등록된다" classname="com.mingdyuo.book.springboot.web.PostsApiControllerTest" time="0.063"/>
  <testcase name="Posts_수정된다" classname="com.mingdyuo.book.springboot.web.PostsApiControllerTest" time="0.029"/>
  <system-out><![CDATA[2021-01-17 23:13:10.254  INFO 22740 --- [    Test worker] .b.t.c.SpringBootTestContextBootstrapper : Neither @ContextConfiguration nor @ContextHierarchy found for test class [com.mingdyuo.book.springboot.web.PostsApiControllerTest], using SpringBootContextLoader
2021-01-17 23:13:10.255  INFO 22740 --- [    Test worker] o.s.t.c.support.AbstractContextLoader    : Could not detect default resource locations for test class [com.mingdyuo.book.springboot.web.PostsApiControllerTest]: no resource found for suffixes {-context.xml, Context.groovy}.
2021-01-17 23:13:10.256  INFO 22740 --- [    Test worker] t.c.s.AnnotationConfigContextLoaderUtils : Could not detect default configuration classes for test class [com.mingdyuo.book.springboot.web.PostsApiControllerTest]: PostsApiControllerTest does not declare any static, non-private, non-final, nested classes annotated with @Configuration.
2021-01-17 23:13:10.258  INFO 22740 --- [    Test worker] .b.t.c.SpringBootTestContextBootstrapper : Found @SpringBootConfiguration com.mingdyuo.book.springboot.Application for test class com.mingdyuo.book.springboot.web.PostsApiControllerTest
2021-01-17 23:13:10.260  INFO 22740 --- [    Test worker] .b.t.c.SpringBootTestContextBootstrapper : Loaded default TestExecutionListener class names from location [META-INF/spring.factories]: [org.springframework.security.test.context.support.WithSecurityContextTestExecutionListener, org.springframework.security.test.context.support.ReactorContextTestExecutionListener, org.springframework.boot.test.autoconfigure.restdocs.RestDocsTestExecutionListener, org.springframework.boot.test.autoconfigure.web.client.MockRestServiceServerResetTestExecutionListener, org.springframework.boot.test.autoconfigure.web.servlet.MockMvcPrintOnlyOnFailureTestExecutionListener, org.springframework.boot.test.autoconfigure.web.servlet.WebDriverTestExecutionListener, org.springframework.boot.test.mock.mockito.MockitoTestExecutionListener, org.springframework.boot.test.mock.mockito.ResetMocksTestExecutionListener, org.springframework.test.context.web.ServletTestExecutionListener, org.springframework.test.context.support.DirtiesContextBeforeModesTestExecutionListener, org.springframework.test.context.support.DependencyInjectionTestExecutionListener, org.springframework.test.context.support.DirtiesContextTestExecutionListener, org.springframework.test.context.transaction.TransactionalTestExecutionListener, org.springframework.test.context.jdbc.SqlScriptsTestExecutionListener]
2021-01-17 23:13:10.261  INFO 22740 --- [    Test worker] .b.t.c.SpringBootTestContextBootstrapper : Using TestExecutionListeners: [org.springframework.test.context.web.ServletTestExecutionListener@27a599bf, org.springframework.test.context.support.DirtiesContextBeforeModesTestExecutionListener@32a15edc, org.springframework.boot.test.mock.mockito.MockitoTestExecutionListener@4cb64647, org.springframework.boot.test.autoconfigure.SpringBootDependencyInjectionTestExecutionListener@3f571ccc, org.springframework.test.context.support.DirtiesContextTestExecutionListener@343402f8, org.springframework.test.context.transaction.TransactionalTestExecutionListener@c5bfd1c, org.springframework.test.context.jdbc.SqlScriptsTestExecutionListener@72a116ae, org.springframework.security.test.context.support.WithSecurityContextTestExecutionListener@7517c54a, org.springframework.security.test.context.support.ReactorContextTestExecutionListener@61203ad2, org.springframework.boot.test.autoconfigure.restdocs.RestDocsTestExecutionListener@32c088f7, org.springframework.boot.test.autoconfigure.web.client.MockRestServiceServerResetTestExecutionListener@482eec67, org.springframework.boot.test.autoconfigure.web.servlet.MockMvcPrintOnlyOnFailureTestExecutionListener@3584dbd, org.springframework.boot.test.autoconfigure.web.servlet.WebDriverTestExecutionListener@634e11ae, org.springframework.boot.test.mock.mockito.ResetMocksTestExecutionListener@557fba00]
2021-01-17 23:13:10.270  INFO 22740 --- [    Test worker] o.a.c.c.C.[Tomcat].[localhost].[/]       : Initializing Spring TestDispatcherServlet ''
2021-01-17 23:13:10.270  INFO 22740 --- [    Test worker] o.s.t.web.servlet.TestDispatcherServlet  : Initializing Servlet ''
2021-01-17 23:13:10.274  INFO 22740 --- [    Test worker] o.s.t.web.servlet.TestDispatcherServlet  : Completed initialization in 3 ms
Hibernate: insert into posts (created_date, modified_date, author, content, title) values (?, ?, ?, ?, ?)
Hibernate: select posts0_.id as id1_0_, posts0_.created_date as created_2_0_, posts0_.modified_date as modified3_0_, posts0_.author as author4_0_, posts0_.content as content5_0_, posts0_.title as title6_0_ from posts posts0_
Hibernate: select posts0_.id as id1_0_, posts0_.created_date as created_2_0_, posts0_.modified_date as modified3_0_, posts0_.author as author4_0_, posts0_.content as content5_0_, posts0_.title as title6_0_ from posts posts0_
Hibernate: delete from posts where id=?
2021-01-17 23:13:10.329  INFO 22740 --- [    Test worker] o.a.c.c.C.[Tomcat].[localhost].[/]       : Initializing Spring TestDispatcherServlet ''
2021-01-17 23:13:10.329  INFO 22740 --- [    Test worker] o.s.t.web.servlet.TestDispatcherServlet  : Initializing Servlet ''
2021-01-17 23:13:10.331  INFO 22740 --- [    Test worker] o.s.t.web.servlet.TestDispatcherServlet  : Completed initialization in 2 ms
Hibernate: insert into posts (created_date, modified_date, author, content, title) values (?, ?, ?, ?, ?)
Hibernate: select posts0_.id as id1_0_0_, posts0_.created_date as created_2_0_0_, posts0_.modified_date as modified3_0_0_, posts0_.author as author4_0_0_, posts0_.content as content5_0_0_, posts0_.title as title6_0_0_ from posts posts0_ where posts0_.id=?
Hibernate: update posts set created_date=?, modified_date=?, author=?, content=?, title=? where id=?
Hibernate: select posts0_.id as id1_0_, posts0_.created_date as created_2_0_, posts0_.modified_date as modified3_0_, posts0_.author as author4_0_, posts0_.content as content5_0_, posts0_.title as title6_0_ from posts posts0_
Hibernate: select posts0_.id as id1_0_, posts0_.created_date as created_2_0_, posts0_.modified_date as modified3_0_, posts0_.author as author4_0_, posts0_.content as content5_0_, posts0_.title as title6_0_ from posts posts0_
Hibernate: delete from posts where id=?
]]></system-out>
  <system-err><![CDATA[]]></system-err>
</testsuite>
