<?xml version="1.0" encoding="UTF-8"?>
<testsuite name="com.mingdyuo.book.springboot.web.dto.HelloResponseDtoTest" tests="1" skipped="0" failures="0" errors="0" timestamp="2021-01-17T14:13:07" hostname="ThisComputerIsNowMine" time="0.002">
  <properties/>
  <testcase name="lombok_function_test" classname="com.mingdyuo.book.springboot.web.dto.HelloResponseDtoTest" time="0.002"/>
  <system-out><![CDATA[]]></system-out>
  <system-err><![CDATA[]]></system-err>
</testsuite>
